<?xml version="1.0" encoding="UTF-8"?>
<coverage generated="1548777023090" clover="3.2.0">
  <project timestamp="1548777023090" name="All files">
    <metrics statements="13" coveredstatements="7" conditionals="0" coveredconditionals="0" methods="6" coveredmethods="1" elements="19" coveredelements="8" complexity="0" loc="13" ncloc="13" packages="1" files="1" classes="1">
      <file name="index.ts" path="/home/flowerypastels/Projects/pavonine/src/index.ts">
        <metrics statements="13" coveredstatements="7" conditionals="0" coveredconditionals="0" methods="6" coveredmethods="1"/>
        <line num="10" count="1" type="stmt"/>
        <line num="11" count="0" type="stmt"/>
        <line num="13" count="0" type="stmt"/>
        <line num="16" count="1" type="stmt"/>
        <line num="17" count="0" type="stmt"/>
        <line num="20" count="1" type="stmt"/>
        <line num="21" count="0" type="stmt"/>
        <line num="24" count="1" type="stmt"/>
        <line num="25" count="0" type="stmt"/>
        <line num="28" count="1" type="stmt"/>
        <line num="29" count="0" type="stmt"/>
        <line num="31" count="1" type="stmt"/>
        <line num="33" count="1" type="stmt"/>
      </file>
    </metrics>
  </project>
</coverage>
