{"/home/flowerypastels/Projects/pavonine/src/actions.ts": {"path":"/home/flowerypastels/Projects/pavonine/src/actions.ts","statementMap":{"0":{"start":{"line":1,"column":13},"end":{"line":1,"column":44}},"1":{"start":{"line":2,"column":13},"end":{"line":2,"column":49}},"2":{"start":{"line":3,"column":13},"end":{"line":3,"column":46}},"3":{"start":{"line":4,"column":13},"end":{"line":4,"column":50}}},"fnMap":{},"branchMap":{},"s":{"0":1,"1":1,"2":1,"3":1},"f":{},"b":{}}
,"/home/flowerypastels/Projects/pavonine/src/index.ts": {"path":"/home/flowerypastels/Projects/pavonine/src/index.ts","statementMap":{"0":{"start":{"line":12,"column":0},"end":{"line":12,"column":62}},"1":{"start":{"line":14,"column":0},"end":{"line":46,"column":0}},"2":{"start":{"line":15,"column":2},"end":{"line":15,"column":19}},"3":{"start":{"line":17,"column":4},"end":{"line":17,"column":21}},"4":{"start":{"line":20,"column":2},"end":{"line":37,"column":3}},"5":{"start":{"line":20,"column":2},"end":{"line":37,"column":2}},"6":{"start":{"line":21,"column":43},"end":{"line":25,"column":5}},"7":{"start":{"line":27,"column":4},"end":{"line":36,"column":7}},"8":{"start":{"line":28,"column":6},"end":{"line":35,"column":9}},"9":{"start":{"line":29,"column":8},"end":{"line":33,"column":13}},"10":{"start":{"line":30,"column":10},"end":{"line":33,"column":13}},"11":{"start":{"line":34,"column":8},"end":{"line":34,"column":21}},"12":{"start":{"line":39,"column":2},"end":{"line":41,"column":3}},"13":{"start":{"line":40,"column":4},"end":{"line":40,"column":16}},"14":{"start":{"line":43,"column":2},"end":{"line":45,"column":3}},"15":{"start":{"line":44,"column":4},"end":{"line":44,"column":16}},"16":{"start":{"line":46,"column":0},"end":{"line":46,"column":1}},"17":{"start":{"line":48,"column":0},"end":{"line":48,"column":24}}},"fnMap":{"0":{"name":"(anonymous_0)","decl":{"start":{"line":14,"column":0},"end":{"line":null,"column":-1}},"loc":{"start":{"line":14,"column":0},"end":{"line":14,"column":-1}}},"1":{"name":"Pavonine","decl":{"start":{"line":16,"column":2},"end":{"line":16,"column":13}},"loc":{"start":{"line":16,"column":23},"end":{"line":18,"column":3}}},"2":{"name":"(anonymous_2)","decl":{"start":{"line":20,"column":2},"end":{"line":20,"column":9}},"loc":{"start":{"line":20,"column":21},"end":{"line":37,"column":3}}},"3":{"name":"(anonymous_3)","decl":{"start":{"line":27,"column":23},"end":{"line":27,"column":23}},"loc":{"start":{"line":27,"column":39},"end":{"line":36,"column":5}}},"4":{"name":"(anonymous_4)","decl":{"start":{"line":28,"column":32},"end":{"line":28,"column":32}},"loc":{"start":{"line":28,"column":73},"end":{"line":35,"column":7}}},"5":{"name":"(anonymous_5)","decl":{"start":{"line":39,"column":2},"end":{"line":39,"column":10}},"loc":{"start":{"line":39,"column":22},"end":{"line":41,"column":3}}},"6":{"name":"(anonymous_6)","decl":{"start":{"line":43,"column":2},"end":{"line":43,"column":12}},"loc":{"start":{"line":43,"column":24},"end":{"line":45,"column":3}}}},"branchMap":{"0":{"loc":{"start":{"line":29,"column":8},"end":{"line":33,"column":13}},"type":"if","locations":[{"start":{"line":29,"column":8},"end":{"line":33,"column":13}},{"start":{"line":29,"column":8},"end":{"line":33,"column":13}}]}},"s":{"0":1,"1":1,"2":0,"3":0,"4":1,"5":0,"6":0,"7":0,"8":0,"9":0,"10":0,"11":0,"12":1,"13":0,"14":1,"15":0,"16":1,"17":1},"f":{"0":1,"1":0,"2":0,"3":0,"4":0,"5":0,"6":0},"b":{"0":[0,0]}}
}
